<?xml version="1.0" encoding="UTF-8"?>
<!-- Generated by org.testng.reporters.JUnitReportReporter -->
<testsuite hostname="lin33001588" failures="0" tests="1" name="ComKiteQaTestCases.HomePageTest" time="8.302" errors="0" timestamp="2022-07-09T08:28:57 IST" skipped="0">
  <testcase classname="ComKiteQaTestCases.HomePageTest" name="HomepageTitle" time="8.302"/>
  <system-out/>
</testsuite> <!-- ComKiteQaTestCases.HomePageTest -->
